<?xml version="1.0" encoding="UTF-8"?>
<!-- Generated by org.testng.reporters.JUnitXMLReporter -->
<testsuite ignored="3" hostname="Priyanka" failures="0" tests="1" name="Default test" time="3.621" errors="0" timestamp="2025-09-12T22:17:24 IST">
  <testcase classname="com.RestAPITest.AuthorizationTypesTest" name="testopenAuth2" time="3.546"/>
  <testcase classname="com.RestAPITest.AuthorizationTypesTest" name="testDigestAuth" time="0.0">
    <ignored/>
  </testcase> <!-- testDigestAuth -->
  <testcase classname="com.RestAPITest.AuthorizationTypesTest" name="testBearerToken" time="0.0">
    <ignored/>
  </testcase> <!-- testBearerToken -->
  <testcase classname="com.RestAPITest.AuthorizationTypesTest" name="testBasicAuth" time="0.0">
    <ignored/>
  </testcase> <!-- testBasicAuth -->
</testsuite> <!-- Default test -->
