<?xml version="1.0" encoding="UTF-8"?>
<!-- Generated by org.testng.reporters.JUnitXMLReporter -->
<testsuite ignored="2" hostname="Priyanka" failures="0" tests="1" name="Default test" time="4.33" errors="0" timestamp="2025-09-09T22:43:05 IST">
  <testcase classname="com.RestAPITest.TestGETAPIUsingNonBDD" name="testListOfUsers" time="4.254"/>
  <testcase classname="com.RestAPITest.TestGETAPIUsingNonBDD" name="testSingleUser" time="0.0">
    <ignored/>
  </testcase> <!-- testSingleUser -->
  <testcase classname="com.RestAPITest.TestGETAPIUsingNonBDD" name="testSingleObject" time="0.0">
    <ignored/>
  </testcase> <!-- testSingleObject -->
</testsuite> <!-- Default test -->
