<?xml version="1.0" encoding="UTF-8"?>
<!-- Generated by org.testng.reporters.JUnitXMLReporter -->
<testsuite ignored="0" hostname="Priyanka" failures="0" tests="21" name="Test" time="21.128" errors="0" timestamp="2025-10-17T21:28:33 IST">
  <testcase classname="com.RestAPITest.TestSerializationDeserialization" name="testDeserialization" time="0.542"/>
  <testcase classname="com.RestAPITest.TestSerializationDeserialization" name="testSearialization" time="0.037"/>
  <testcase classname="com.RestAPITest.FirstBDDTest" name="singleUserRequest" time="4.926"/>
  <testcase classname="com.RestAPITest.FirstBDDTest" name="testFirstBDDRequest" time="0.087"/>
  <testcase classname="com.RestAPITest.TestPathQueryParameters" name="testParameters" time="0.334"/>
  <testcase classname="com.RestAPITest.TestGETAPIUsingNonBDD" name="testListOfUsers" time="0.299"/>
  <testcase classname="com.RestAPITest.TestGETAPIUsingNonBDD" name="testSingleObject" time="0.238"/>
  <testcase classname="com.RestAPITest.TestGETAPIUsingNonBDD" name="testSingleUser" time="0.089"/>
  <testcase classname="com.RestAPITest.LoginTest" name="testLogin" time="0.41"/>
  <testcase classname="com.RestAPITest.LoginTest" name="testRegister" time="0.298"/>
  <testcase classname="com.RestAPITest.TestCookies_Header" name="testCookies" time="0.196"/>
  <testcase classname="com.RestAPITest.TestCookies_Header" name="testHeader" time="0.14"/>
  <testcase classname="com.RestAPITest.TestAPIChaining" name="createNewBooking" time="4.24"/>
  <testcase classname="com.RestAPITest.TestAPIChaining" name="getBookingDetails" time="1.108"/>
  <testcase classname="com.RestAPITest.TestAPIChaining" name="createToken" time="1.13"/>
  <testcase classname="com.RestAPITest.TestAPIChaining" name="updateFullBooking" time="1.124"/>
  <testcase classname="com.RestAPITest.TestAPIChaining" name="deleteBooking" time="1.122"/>
  <testcase classname="com.RestAPITest.JsonPayloadWays" name="postCallUsingHashMap" time="1.143"/>
  <testcase classname="com.RestAPITest.JsonPayloadWays" name="postCallUsingJSONObject" time="1.141"/>
  <testcase classname="com.RestAPITest.JsonPayloadWays" name="postCallUsingJsonFile" time="1.16"/>
  <testcase classname="com.RestAPITest.JsonPayloadWays" name="postCallUsingPOJOClass" time="1.143"/>
</testsuite> <!-- Test -->
