<?xml version="1.0" encoding="UTF-8"?>
<testng-results ignored="0" total="1" passed="1" failed="0" skipped="0">
  <reporter-output>
  </reporter-output>
  <suite started-at="2025-09-18T22:11:29 IST" name="Default suite" finished-at="2025-09-18T22:11:58 IST" duration-ms="29508">
    <groups>
    </groups>
    <test started-at="2025-09-18T22:11:29 IST" name="Default test" finished-at="2025-09-18T22:11:58 IST" duration-ms="29508">
      <class name="com.MobileApp.TestScenarios.T1_LocatorStrategiesInAndroid">
        <test-method signature="testLocators()[pri:0, instance:com.MobileApp.TestScenarios.T1_LocatorStrategiesInAndroid@747ddf94]" started-at="2025-09-18T22:11:29 IST" name="testLocators" finished-at="2025-09-18T22:11:58 IST" duration-ms="29410" status="PASS">
          <reporter-output>
          </reporter-output>
        </test-method> <!-- testLocators -->
      </class> <!-- com.MobileApp.TestScenarios.T1_LocatorStrategiesInAndroid -->
    </test> <!-- Default test -->
  </suite> <!-- Default suite -->
</testng-results>
