<?xml version="1.0" encoding="UTF-8"?>
<testng-results ignored="3" total="4" passed="1" failed="0" skipped="0">
  <reporter-output>
  </reporter-output>
  <suite started-at="2025-09-12T22:17:20 IST" name="Default suite" finished-at="2025-09-12T22:17:24 IST" duration-ms="3621">
    <groups>
    </groups>
    <test started-at="2025-09-12T22:17:20 IST" name="Default test" finished-at="2025-09-12T22:17:24 IST" duration-ms="3621">
      <class name="com.RestAPITest.AuthorizationTypesTest">
        <test-method signature="testopenAuth2()[pri:0, instance:com.RestAPITest.AuthorizationTypesTest@6b81ce95]" started-at="2025-09-12T22:17:20 IST" name="testopenAuth2" finished-at="2025-09-12T22:17:24 IST" duration-ms="3546" status="PASS">
          <reporter-output>
          </reporter-output>
        </test-method> <!-- testopenAuth2 -->
      </class> <!-- com.RestAPITest.AuthorizationTypesTest -->
    </test> <!-- Default test -->
  </suite> <!-- Default suite -->
</testng-results>
