<?xml version="1.0" encoding="UTF-8"?>
<!-- Generated by org.testng.reporters.JUnitReportReporter -->
<testsuite hostname="Priyanka" failures="0" tests="1" name="com.MobileApp.CreateSession.DriverSessionUsingDesiredCapabilitiesClass" time="21.085" errors="0" timestamp="2025-09-18T20:27:57 IST" skipped="0">
  <testcase classname="com.MobileApp.CreateSession.DriverSessionUsingDesiredCapabilitiesClass" name="testAppiumDriverSession" time="21.085"/>
</testsuite> <!-- com.MobileApp.CreateSession.DriverSessionUsingDesiredCapabilitiesClass -->
