<?xml version="1.0" encoding="UTF-8"?>
<!-- Generated by org.testng.reporters.JUnitReportReporter -->
<testsuite hostname="Priyanka" failures="0" tests="2" name="com.RestAPITest.TestSerializationDeserialization" time="0.579" errors="0" timestamp="2025-10-17T21:28:33 IST" skipped="0">
  <testcase classname="com.RestAPITest.TestSerializationDeserialization" name="testSearialization" time="0.037"/>
  <system-out/>
  <testcase classname="com.RestAPITest.TestSerializationDeserialization" name="testDeserialization" time="0.542"/>
  <system-out/>
</testsuite> <!-- com.RestAPITest.TestSerializationDeserialization -->
