<?xml version="1.0" encoding="UTF-8"?>
<!-- Generated by org.testng.reporters.JUnitReportReporter -->
<testsuite hostname="Priyanka" failures="0" tests="5" name="com.RestAPITest.TestAPIChaining" time="8.724" errors="0" timestamp="2025-10-17T21:28:33 IST" skipped="0">
  <testcase classname="com.RestAPITest.TestAPIChaining" name="createNewBooking" time="4.240"/>
  <system-out/>
  <testcase classname="com.RestAPITest.TestAPIChaining" name="getBookingDetails" time="1.108"/>
  <system-out/>
  <testcase classname="com.RestAPITest.TestAPIChaining" name="createToken" time="1.130"/>
  <system-out/>
  <testcase classname="com.RestAPITest.TestAPIChaining" name="updateFullBooking" time="1.124"/>
  <system-out/>
  <testcase classname="com.RestAPITest.TestAPIChaining" name="deleteBooking" time="1.122"/>
  <system-out/>
</testsuite> <!-- com.RestAPITest.TestAPIChaining -->
