<?xml version="1.0" encoding="UTF-8"?>
<!-- Generated by org.testng.reporters.JUnitReportReporter -->
<testsuite hostname="Priyanka" failures="0" tests="4" name="com.RestAPITest.JsonPayloadWays" time="4.587" errors="0" timestamp="2025-10-17T21:28:33 IST" skipped="0">
  <testcase classname="com.RestAPITest.JsonPayloadWays" name="postCallUsingJSONObject" time="1.141"/>
  <system-out/>
  <testcase classname="com.RestAPITest.JsonPayloadWays" name="postCallUsingHashMap" time="1.143"/>
  <system-out/>
  <testcase classname="com.RestAPITest.JsonPayloadWays" name="postCallUsingJsonFile" time="1.160"/>
  <system-out/>
  <testcase classname="com.RestAPITest.JsonPayloadWays" name="postCallUsingPOJOClass" time="1.143"/>
  <system-out/>
</testsuite> <!-- com.RestAPITest.JsonPayloadWays -->
