<?xml version="1.0" encoding="UTF-8"?>
<!-- Generated by org.testng.reporters.JUnitReportReporter -->
<testsuite hostname="Priyanka" failures="0" tests="2" name="com.RestAPITest.TestCookies_Header" time="0.336" errors="0" timestamp="2025-10-17T21:28:33 IST" skipped="0">
  <testcase classname="com.RestAPITest.TestCookies_Header" name="testHeader" time="0.140"/>
  <system-out/>
  <testcase classname="com.RestAPITest.TestCookies_Header" name="testCookies" time="0.196"/>
  <system-out/>
</testsuite> <!-- com.RestAPITest.TestCookies_Header -->
