<?xml version="1.0" encoding="UTF-8"?>
<!-- Generated by org.testng.reporters.JUnitReportReporter -->
<testsuite hostname="Priyanka" failures="0" tests="1" name="com.MobileApp.CreateSession.DriverSessionUsingUiAutomator2OptionsClass" time="10.656" errors="0" timestamp="2025-09-18T20:46:42 IST" skipped="0">
  <testcase classname="com.MobileApp.CreateSession.DriverSessionUsingUiAutomator2OptionsClass" name="createDriverSession" time="10.656"/>
</testsuite> <!-- com.MobileApp.CreateSession.DriverSessionUsingUiAutomator2OptionsClass -->
