<?xml version="1.0" encoding="UTF-8"?>
<!-- Generated by org.testng.reporters.JUnitReportReporter -->
<testsuite hostname="Priyanka" failures="0" tests="3" name="com.RestAPITest.TestGETAPIUsingNonBDD" time="0.626" errors="0" timestamp="2025-10-17T21:28:33 IST" skipped="0">
  <testcase classname="com.RestAPITest.TestGETAPIUsingNonBDD" name="testSingleObject" time="0.238"/>
  <system-out/>
  <testcase classname="com.RestAPITest.TestGETAPIUsingNonBDD" name="testSingleUser" time="0.089"/>
  <system-out/>
  <testcase classname="com.RestAPITest.TestGETAPIUsingNonBDD" name="testListOfUsers" time="0.299"/>
  <system-out/>
</testsuite> <!-- com.RestAPITest.TestGETAPIUsingNonBDD -->
