<?xml version="1.0" encoding="UTF-8"?>
<!-- Generated by org.testng.reporters.JUnitReportReporter -->
<testsuite hostname="Priyanka" failures="0" tests="2" name="com.RestAPITest.LoginTest" time="0.708" errors="0" timestamp="2025-10-17T21:28:33 IST" skipped="0">
  <testcase classname="com.RestAPITest.LoginTest" name="testLogin" time="0.410"/>
  <system-out/>
  <testcase classname="com.RestAPITest.LoginTest" name="testRegister" time="0.298"/>
  <system-out/>
</testsuite> <!-- com.RestAPITest.LoginTest -->
