<?xml version="1.0" encoding="UTF-8"?>
<!-- Generated by org.testng.reporters.JUnitReportReporter -->
<testsuite hostname="Priyanka" failures="0" tests="2" name="com.RestAPITest.FirstBDDTest" time="5.013" errors="0" timestamp="2025-10-17T21:28:33 IST" skipped="0">
  <testcase classname="com.RestAPITest.FirstBDDTest" name="singleUserRequest" time="4.926"/>
  <system-out/>
  <testcase classname="com.RestAPITest.FirstBDDTest" name="testFirstBDDRequest" time="0.087"/>
  <system-out/>
</testsuite> <!-- com.RestAPITest.FirstBDDTest -->
