<?xml version="1.0" encoding="UTF-8"?>
<!-- Generated by org.testng.reporters.JUnitReportReporter -->
<testsuite hostname="Priyanka" failures="0" tests="1" name="com.MobileApp.TestScenarios.T12_TestNetworkConfigurations" time="10.959" errors="0" timestamp="2025-09-22T21:45:14 IST" skipped="0">
  <testcase classname="com.MobileApp.TestScenarios.T12_TestNetworkConfigurations" name="testWifi_MobileData_AirplaneMode" time="10.959"/>
</testsuite> <!-- com.MobileApp.TestScenarios.T12_TestNetworkConfigurations -->
