<?xml version="1.0" encoding="UTF-8"?>
<!-- Generated by org.testng.reporters.JUnitReportReporter -->
<testsuite hostname="Priyanka" failures="0" tests="1" name="com.MobileApp.TestScenarios.T9_CreateSessionUsingAppPackageandActivityname" time="9.913" errors="0" timestamp="2025-09-22T20:32:25 IST" skipped="0">
  <testcase classname="com.MobileApp.TestScenarios.T9_CreateSessionUsingAppPackageandActivityname" name="testApppackageAndActivityName" time="9.913"/>
</testsuite> <!-- com.MobileApp.TestScenarios.T9_CreateSessionUsingAppPackageandActivityname -->
