<?xml version="1.0" encoding="UTF-8"?>
<!-- Generated by org.testng.reporters.JUnitReportReporter -->
<testsuite hostname="Priyanka" failures="0" tests="5" name="com.RestAPITest.TestAPIChaining" time="11.789" errors="0" timestamp="2025-09-11T22:44:02 IST" skipped="0">
  <testcase classname="com.RestAPITest.TestAPIChaining" name="createNewBooking" time="5.225"/>
  <system-out/>
  <testcase classname="com.RestAPITest.TestAPIChaining" name="getBookingDetails" time="1.638"/>
  <system-out/>
  <testcase classname="com.RestAPITest.TestAPIChaining" name="createToken" time="1.689"/>
  <system-out/>
  <testcase classname="com.RestAPITest.TestAPIChaining" name="updateFullBooking" time="1.602"/>
  <system-out/>
  <testcase classname="com.RestAPITest.TestAPIChaining" name="deleteBooking" time="1.635"/>
  <system-out/>
</testsuite> <!-- com.RestAPITest.TestAPIChaining -->
